<?xml version="1.0" encoding="UTF-8"?>
<testng-results ignored="0" total="2" passed="2" failed="0" skipped="0">
  <reporter-output>
  </reporter-output>
  <suite started-at="2024-12-11T17:34:57 IST" name="Suite" finished-at="2024-12-11T17:35:10 IST" duration-ms="13515">
    <groups>
      <group name="Regression">
        <method signature="UserAccountPage.VerifyUserSignin()[pri:1, instance:tests.UserAccountPage@b3ca52e]" name="VerifyUserSignin" class="tests.UserAccountPage"/>
      </group> <!-- Regression -->
    </groups>
    <test started-at="2024-12-11T17:34:57 IST" name="Testonchrome" finished-at="2024-12-11T17:35:10 IST" duration-ms="13515">
      <class name="tests.UserAccountPage">
        <test-method is-config="true" signature="setup()[pri:0, instance:tests.UserAccountPage@b3ca52e]" started-at="2024-12-11T17:34:57 IST" name="setup" finished-at="2024-12-11T17:35:00 IST" duration-ms="2428" status="PASS">
          <reporter-output>
          </reporter-output>
        </test-method> <!-- setup -->
        <test-method signature="VerifyUserSignin()[pri:1, instance:tests.UserAccountPage@b3ca52e]" started-at="2024-12-11T17:35:00 IST" name="VerifyUserSignin" finished-at="2024-12-11T17:35:09 IST" duration-ms="9118" status="PASS">
          <reporter-output>
          </reporter-output>
        </test-method> <!-- VerifyUserSignin -->
        <test-method signature="VerifyLogoutUser()[pri:2, instance:tests.UserAccountPage@b3ca52e]" started-at="2024-12-11T17:35:09 IST" name="VerifyLogoutUser" depends-on-groups="Regression" finished-at="2024-12-11T17:35:10 IST" depends-on-methods="tests.UserAccountPage.VerifyUserSignin" duration-ms="1231" status="PASS">
          <reporter-output>
          </reporter-output>
        </test-method> <!-- VerifyLogoutUser -->
        <test-method is-config="true" signature="tearDown()[pri:0, instance:tests.UserAccountPage@b3ca52e]" started-at="2024-12-11T17:35:10 IST" name="tearDown" finished-at="2024-12-11T17:35:10 IST" duration-ms="392" status="PASS">
          <reporter-output>
          </reporter-output>
        </test-method> <!-- tearDown -->
      </class> <!-- tests.UserAccountPage -->
    </test> <!-- Testonchrome -->
  </suite> <!-- Suite -->
</testng-results>
